<?xml version="1.0" encoding="UTF-8"?>
<!-- Generated by org.testng.reporters.JUnitReportReporter -->
<testsuite skipped="0" hostname="DESKTOP-KA84PVC" name="TestAutomation.PaperidTest" tests="1" failures="0" timestamp="10 Mar 2022 13:25:18 GMT" time="154.670" errors="0">
  <testcase name="test1" time="154.670" classname="TestAutomation.PaperidTest"/>
</testsuite> <!-- TestAutomation.PaperidTest -->
