<?xml version="1.0" encoding="UTF-8"?>
<!-- Generated by org.testng.reporters.JUnitReportReporter -->
<testsuite skipped="0" hostname="LAPTOP-LA3UUNM9" name="tugasTiga.TugasJLabsQA.YopmailTest" tests="1" failures="0" timestamp="09 Mar 2022 14:15:08 GMT" time="67.318" errors="0">
  <testcase name="test1" time="67.318" classname="tugasTiga.TugasJLabsQA.YopmailTest"/>
</testsuite> <!-- tugasTiga.TugasJLabsQA.YopmailTest -->
