<?xml version="1.0" encoding="UTF-8"?>
<!-- Generated by org.testng.reporters.JUnitReportReporter -->
<testsuite skipped="0" hostname="DESKTOP-KA84PVC" name="TestAutomation.RCTIPlus" tests="1" failures="0" timestamp="03 Apr 2022 04:04:07 GMT" time="14.534" errors="0">
  <testcase name="testAutomasi" time="14.534" classname="TestAutomation.RCTIPlus"/>
</testsuite> <!-- TestAutomation.RCTIPlus -->
